<?xml version="1.0" encoding="UTF-8"?>
<!-- Generated by org.testng.reporters.JUnitReportReporter -->
<testsuite hostname="LAPTOP-QGM5NV5K" failures="0" tests="4" name="com.crowdar.bdd.cukes.TestNGSecuencialRunner" time="10.078" errors="0" timestamp="07 jun. 2024 20:55:05 GMT" skipped="0">
  <testcase classname="com.crowdar.bdd.cukes.TestNGSecuencialRunner" name="runScenario" time="1.635"/>
  <testcase classname="com.crowdar.bdd.cukes.TestNGSecuencialRunner" name="runScenario" time="4.968"/>
  <testcase classname="com.crowdar.bdd.cukes.TestNGSecuencialRunner" name="runScenario" time="1.710"/>
  <testcase classname="com.crowdar.bdd.cukes.TestNGSecuencialRunner" name="runScenario" time="1.765"/>
</testsuite> <!-- com.crowdar.bdd.cukes.TestNGSecuencialRunner -->
